<?xml version="1.0" encoding="UTF-8" ?>
<testsuites>
  <testsuite errors="0" failures="0" hostname="mom-PC" id="0" name="GameSpec" package="teamtracker" tests="11" time="1.633" timestamp="2012-05-08T04:24:28">
      <properties />

      <testcase classname="teamtracker.GameSpec" name="Verify Game constraints: The value &apos;null&apos; for the field &apos;result&apos; results in  no error " time="1.206" />

      <testcase classname="teamtracker.GameSpec" name="Verify Game constraints: The value &apos;scheduled&apos; for the field &apos;result&apos; results in  no error " time="0.041" />

      <testcase classname="teamtracker.GameSpec" name="Verify Game constraints: The value &apos;win&apos; for the field &apos;result&apos; results in  no error " time="0.042" />

      <testcase classname="teamtracker.GameSpec" name="Verify Game constraints: The value &apos;loss&apos; for the field &apos;result&apos; results in  no error " time="0.043" />

      <testcase classname="teamtracker.GameSpec" name="Verify Game constraints: The value &apos;tie&apos; for the field &apos;result&apos; results in  no error " time="0.043" />

      <testcase classname="teamtracker.GameSpec" name="Verify Game constraints: The value &apos;forfeit&apos; for the field &apos;result&apos; results in  no error " time="0.041" />

      <testcase classname="teamtracker.GameSpec" name="Verify Game constraints: The value &apos;unknown&apos; for the field &apos;result&apos; results in  inList error " time="0.056" />

      <testcase classname="teamtracker.GameSpec" name="Verify Game constraints: The value &apos;a very long string &apos; for the field &apos;result&apos; results in  inList error " time="0.031" />

      <testcase classname="teamtracker.GameSpec" name="Verify Game constraints: The value &apos;x&apos; for the field &apos;result&apos; results in  inList error " time="0.03" />

      <testcase classname="teamtracker.GameSpec" name="Verify Game constraints: The value &apos;Mon May 07 21:24:28 MST 2012&apos; for the field &apos;date&apos; results in  no error " time="0.025" />

      <testcase classname="teamtracker.GameSpec" name="Verify Game constraints: The value &apos;null&apos; for the field &apos;date&apos; results in  nullable error " time="0.025" />

      <system-out><![CDATA[--Output from Verify Game constraints: The value 'null' for the field 'result' results in  no error --
--Output from Verify Game constraints: The value 'scheduled' for the field 'result' results in  no error --
--Output from Verify Game constraints: The value 'win' for the field 'result' results in  no error --
--Output from Verify Game constraints: The value 'loss' for the field 'result' results in  no error --
--Output from Verify Game constraints: The value 'tie' for the field 'result' results in  no error --
--Output from Verify Game constraints: The value 'forfeit' for the field 'result' results in  no error --
--Output from Verify Game constraints: The value 'unknown' for the field 'result' results in  inList error --
--Output from Verify Game constraints: The value 'a very long string ' for the field 'result' results in  inList error --
--Output from Verify Game constraints: The value 'x' for the field 'result' results in  inList error --
--Output from Verify Game constraints: The value 'Mon May 07 21:24:28 MST 2012' for the field 'date' results in  no error --
--Output from Verify Game constraints: The value 'null' for the field 'date' results in  nullable error --
]]></system-out>

      <system-err><![CDATA[--Output from Verify Game constraints: The value 'null' for the field 'result' results in  no error --
--Output from Verify Game constraints: The value 'scheduled' for the field 'result' results in  no error --
--Output from Verify Game constraints: The value 'win' for the field 'result' results in  no error --
--Output from Verify Game constraints: The value 'loss' for the field 'result' results in  no error --
--Output from Verify Game constraints: The value 'tie' for the field 'result' results in  no error --
--Output from Verify Game constraints: The value 'forfeit' for the field 'result' results in  no error --
--Output from Verify Game constraints: The value 'unknown' for the field 'result' results in  inList error --
--Output from Verify Game constraints: The value 'a very long string ' for the field 'result' results in  inList error --
--Output from Verify Game constraints: The value 'x' for the field 'result' results in  inList error --
--Output from Verify Game constraints: The value 'Mon May 07 21:24:28 MST 2012' for the field 'date' results in  no error --
--Output from Verify Game constraints: The value 'null' for the field 'date' results in  nullable error --
]]></system-err>

  </testsuite>
</testsuites>
